app/build/outputs/logs/manifest-merger-debug-report.txt
-- Merging decision tree log ---
manifest
ADDED from src\main\AndroidManifest.xml:2:1-48:12
	package
		ADDED from src\main\AndroidManifest.xml:3:5-20
		INJECTED from src\main\AndroidManifest.xml
		INJECTED from src\main\AndroidManifest.xml
	android:versionName
		ADDED from src\main\AndroidManifest.xml:5:5-32
		INJECTED from src\main\AndroidManifest.xml
		INJECTED from src\main\AndroidManifest.xml
	android:versionCode
		ADDED from src\main\AndroidManifest.xml:4:5-29
		INJECTED from src\main\AndroidManifest.xml
		INJECTED from src\main\AndroidManifest.xml
	xmlns:android
		ADDED from src\main\AndroidManifest.xml:2:11-69
uses-permission#android.permission.SYSTEM_ALERT_WINDOW
ADDED from src\main\AndroidManifest.xml:7:2-74
	android:name
		ADDED from src\main\AndroidManifest.xml:7:19-72
uses-permission#android.permission.RECEIVE_BOOT_COMPLETED
ADDED from src\main\AndroidManifest.xml:8:5-80
	android:name
		ADDED from src\main\AndroidManifest.xml:8:22-78
uses-permission#android.permission.WRITE_EXTERNAL_STORAGE
ADDED from src\main\AndroidManifest.xml:9:2-77
	android:name
		ADDED from src\main\AndroidManifest.xml:9:19-75
uses-permission#android.permission.MOUNT_UNMOUNT_FILESYSTEMS
ADDED from src\main\AndroidManifest.xml:10:2-80
	android:name
		ADDED from src\main\AndroidManifest.xml:10:19-78
uses-sdk
ADDED from src\main\AndroidManifest.xml:12:5-14:41
	android:targetSdkVersion
		ADDED from src\main\AndroidManifest.xml:14:9-38
		INJECTED from src\main\AndroidManifest.xml
		INJECTED from src\main\AndroidManifest.xml
	android:minSdkVersion
		ADDED from src\main\AndroidManifest.xml:13:9-34
		INJECTED from src\main\AndroidManifest.xml
		INJECTED from src\main\AndroidManifest.xml
application
ADDED from src\main\AndroidManifest.xml:16:5-46:19
	android:label
		ADDED from src\main\AndroidManifest.xml:17:9-41
	android:theme
		ADDED from src\main\AndroidManifest.xml:18:9-40
activity#com.h.M
ADDED from src\main\AndroidManifest.xml:19:9-27:20
	android:label
		ADDED from src\main\AndroidManifest.xml:20:13-45
	android:name
		ADDED from src\main\AndroidManifest.xml:21:13-30
intent-filter#android.intent.action.MAIN+android.intent.category.LAUNCHER
ADDED from src\main\AndroidManifest.xml:22:13-26:29
action#android.intent.action.MAIN
ADDED from src\main\AndroidManifest.xml:23:17-69
	android:name
		ADDED from src\main\AndroidManifest.xml:23:25-66
category#android.intent.category.LAUNCHER
ADDED from src\main\AndroidManifest.xml:25:17-77
	android:name
		ADDED from src\main\AndroidManifest.xml:25:27-74
service#com.h.s
ADDED from src\main\AndroidManifest.xml:28:3-30
	android:name
		ADDED from src\main\AndroidManifest.xml:28:12-28
receiver#com.h.bbb
ADDED from src\main\AndroidManifest.xml:29:3-35:20
	android:name
		ADDED from src\main\AndroidManifest.xml:30:13-31
intent-filter#android.intent.action.BOOT_COMPLETED
ADDED from src\main\AndroidManifest.xml:31:13-34:29
	android:priority
		ADDED from src\main\AndroidManifest.xml:32:17-46
action#android.intent.action.BOOT_COMPLETED
ADDED from src\main\AndroidManifest.xml:33:17-78
	android:name
		ADDED from src\main\AndroidManifest.xml:33:25-76
receiver#com.h.MyAdmin
ADDED from src\main\AndroidManifest.xml:36:3-44:20
	android:description
		ADDED from src\main\AndroidManifest.xml:36:37-72
	android:name
		ADDED from src\main\AndroidManifest.xml:36:13-36
meta-data#android.app.device_admin
ADDED from src\main\AndroidManifest.xml:37:13-39:52
	android:resource
		ADDED from src\main\AndroidManifest.xml:39:17-49
	android:name
		ADDED from src\main\AndroidManifest.xml:38:17-56
intent-filter#android.app.action.DEVICE_ADMIN_ENABLED
ADDED from src\main\AndroidManifest.xml:41:13-43:29
action#android.app.action.DEVICE_ADMIN_ENABLED
ADDED from src\main\AndroidManifest.xml:42:17-82
	android:name
		ADDED from src\main\AndroidManifest.xml:42:25-79